<?xml version="1.0" encoding="UTF-8"?>
<testsuite xmlns:xsi="http://www.w3.org/2001/XMLSchema-instance" xsi:noNamespaceSchemaLocation="https://maven.apache.org/surefire/maven-surefire-plugin/xsd/surefire-test-report.xsd" name="ru.botsner.spring.mvc_hibernate.controller.MyControllerTest" time="0.032" tests="6" errors="0" skipped="0" failures="0">
  <properties>
[...]
</properties>
  <testcase name="showAllEmployees" classname="ru.botsner.spring.mvc_hibernate.controller.MyControllerTest" time="0"/>
  <testcase name="mockMvcLoads" classname="ru.botsner.spring.mvc_hibernate.controller.MyControllerTest" time="0.005"/>
  <testcase name="addNewEmployee" classname="ru.botsner.spring.mvc_hibernate.controller.MyControllerTest" time="0.005"/>
  <testcase name="deleteEmployee" classname="ru.botsner.spring.mvc_hibernate.controller.MyControllerTest" time="0.006"/>
  <testcase name="saveEmployee" classname="ru.botsner.spring.mvc_hibernate.controller.MyControllerTest" time="0.006"/>
  <testcase name="updateEmployee" classname="ru.botsner.spring.mvc_hibernate.controller.MyControllerTest" time="0.007"/>
</testsuite>